app/proguard-rules.pro
# Add project specific ProGuard rules here.
# You can control the set of applied configuration files using the
# proguardFiles setting in build.gradle.
#
# For more details, see
#   http://developer.android.com/guide/developing/tools/proguard.html

# If your project uses WebView with JS, uncomment the following
# and specify the fully qualified class name to the JavaScript interface
# class:
#-keepclassmembers class fqcn.of.javascript.interface.for.webview {
#   public *;
#}

# Uncomment this to preserve the line number information for
# debugging stack traces.
#-keepattributes SourceFile,LineNumberTable

# If you keep the line number information, uncomment this to
# hide the original source file name.
#-renamesourcefileattribute SourceFile

-dontwarn okio.**
-dontwarn okhttp3.**
-dontwarn okio.**
-dontwarn javax.annotation.**
-dontwarn org.conscrypt.**
# A resource is loaded with a relative path so the package of this class must be preserved.
-keepnames class okhttp3.internal.publicsuffix.PublicSuffixDatabase
# Retain generic type information for use by reflection by converters and adapters.
-keepattributes Signature
# Retain service method parameters.
-keepclassmembernames,allowobfuscation interface * {
    @retrofit2.http.* <methods>;
}
# Ignore annotation used for build tooling.
-dontwarn org.codehaus.mojo.animal_sniffer.IgnoreJRERequirement

##Okio
-dontwarn okio.**

##Retrofit
-dontwarn javax.annotation.**
-dontnote retrofit2.Platform
-dontwarn retrofit2.Platform$Java8
-dontwarn retrofit2.**
-dontwarn retrofit.**
-keep class retrofit.** { *; }
-keepattributes Signature
-keepattributes Exceptions
-keepattributes *Annotation*
-keepclasseswithmembers class * {
    @retrofit2.http.* <methods>;
}
-keepclasseswithmembers interface * {
    @retrofit2.* <methods>;
}
-keepattributes RuntimeVisibleAnnotations
-keepattributes RuntimeInvisibleAnnotations
-keepattributes RuntimeVisibleParameterAnnotations
-keepattributes RuntimeInvisibleParameterAnnotations
-keepattributes EnclosingMethod
-keepclasseswithmembers class * {
    @retrofit2.* <methods>;
}

##Parceler library
-keep interface org.parceler.Parcel
-keep @org.parceler.Parcel class * { *; }
-keep class **$$Parcelable { *; }

##pdf
-keep class com.shockwave.**