app/build/outputs/mapping/debug/seeds.txt
com.dar24.app.model.News$$Parcelable: void writeToParcel(android.os.Parcel,int)
com.dar24.app.activity.PlaylistVideoActivity: PlaylistVideoActivity()
com.dar24.app.model.NewsRelated: void setTitle(java.lang.String)
com.dar24.app.model.NewsRelated
com.dar24.app.model.NewsRelated$$Parcelable: com.dar24.app.model.NewsRelated getParcel()
com.dar24.app.fragment.NewsDetailFragment_ViewBinding: NewsDetailFragment_ViewBinding(com.dar24.app.fragment.NewsDetailFragment,android.view.View)
com.dar24.app.activity.NewsRelatedDetailActivity_ViewBinding
com.dar24.app.activity.AboutActivity: AboutActivity()
com.dar24.app.model.News: java.lang.String getCategory()
com.dar24.app.activity.NewsDetailActivity_ViewBinding: NewsDetailActivity_ViewBinding(com.dar24.app.activity.NewsDetailActivity,android.view.View)
com.dar24.app.model.News: void setTitle(java.lang.String)
com.dar24.app.activity.NewsDetailActivity
com.dar24.app.endpoint.EndPointService: retrofit2.Call getPosts(java.lang.Integer,java.lang.String,java.lang.String,int,int)
com.dar24.app.endpoint.EndPointService: retrofit2.Call getPost(int)
com.dar24.app.model.NewsRelated: java.lang.String summary
com.dar24.app.model.NewsRelated$$Parcelable: com.dar24.app.model.NewsRelated newsRelated$$0
com.dar24.app.fragment.MenuFragment_ViewBinding
com.dar24.app.endpoint.EndPointService: retrofit2.Call getYoutubeVideos(java.lang.String,java.lang.String,java.lang.String,int,java.lang.String,java.lang.String)
com.dar24.app.activity.AboutActivity
com.dar24.app.DarApplication: DarApplication()
com.dar24.app.model.News: java.lang.String link
com.dar24.app.endpoint.EndPointService: retrofit2.Call getYoutubeVideosDetail(java.lang.String,java.lang.String,int,java.lang.String)
com.dar24.app.activity.WebActivity
com.dar24.app.fragment.NewsFragment_ViewBinding: NewsFragment_ViewBinding(com.dar24.app.fragment.NewsFragment,android.view.View)
com.dar24.app.activity.NewsRelatedDetailActivity_ViewBinding: NewsRelatedDetailActivity_ViewBinding(com.dar24.app.activity.NewsRelatedDetailActivity,android.view.View)
com.dar24.app.notification.MyNotificationExtender: MyNotificationExtender()
com.dar24.app.model.News: void setSummary(java.lang.String)
com.dar24.app.endpoint.EndPointService: retrofit2.Call getMailChimpEmailStatus(java.lang.String,java.lang.String)
com.dar24.app.model.News: void setPublishedAt(java.lang.String)
com.dar24.app.model.NewsRelated: void setPublishedAt(java.lang.String)
com.dar24.app.activity.WebActivity_ViewBinding
com.dar24.app.model.NewsRelated: NewsRelated()
com.dar24.app.fragment.VideoPlaylistFragment_ViewBinding: VideoPlaylistFragment_ViewBinding(com.dar24.app.fragment.VideoPlaylistFragment,android.view.View)
com.dar24.app.model.NewsRelated: int getId()
com.dar24.app.model.News$$Parcelable: News$$Parcelable(com.dar24.app.model.News)
com.dar24.app.model.NewsRelated: java.lang.String link
com.dar24.app.model.NewsRelated: java.lang.String getLink()
com.dar24.app.model.NewsRelated$$Parcelable
com.dar24.app.activity.SearchActivity_ViewBinding: SearchActivity_ViewBinding(com.dar24.app.activity.SearchActivity,android.view.View)
com.dar24.app.activity.CommentActivity
com.dar24.app.model.News: java.lang.String title
com.dar24.app.activity.SearchActivity: SearchActivity()
com.dar24.app.activity.BaseAppCompatActivity
com.dar24.app.model.News: void setNewsRelatedList(java.util.List)
com.dar24.app.model.NewsRelated$$Parcelable: int describeContents()
com.dar24.app.model.News: java.lang.String summary
com.dar24.app.model.News$$Parcelable: com.dar24.app.model.News news$$0
com.dar24.app.model.News: java.lang.String thumbnail
com.dar24.app.activity.PhotoViewActivity_ViewBinding
com.dar24.app.model.News: News()
com.dar24.app.model.NewsRelated$$Parcelable: android.os.Parcelable$Creator CREATOR
com.dar24.app.model.News: void setLink(java.lang.String)
com.dar24.app.model.News: java.lang.String getDescription()
com.dar24.app.model.News: java.util.List getNewsRelatedList()
...
android.support.v7.appcompat.R$style: int TextAppearance_Compat_Notification_Info
com.google.android.gms.internal.ads.zzdhn: com.google.android.gms.internal.ads.zzdpu zzdv
android.support.design.internal.NavigationMenuItemView: void setCheckable(boolean)
android.support.design.R$style: int Base_V14_Widget_Design_AppBarLayout
com.onesignal.R$id: int notification_main_column_container
android.support.design.R$attr: int elevation
com.google.android.gms.internal.firebase_remote_config.zzdc: java.lang.String oauthToken
android.support.v7.appcompat.R$layout: int abc_alert_dialog_material
android.support.design.R$styleable: int AppCompatTextHelper_android_drawableBottom
android.support.v7.appcompat.R$styleable: int Toolbar_logoDescription
me.zhanghai.android.materialprogressbar.R$dimen: int notification_small_icon_background_padding
flipboard.bottomsheet.commons.R$dimen: int abc_edit_text_inset_bottom_material
me.zhanghai.android.materialprogressbar.R$style: int Base_Theme_AppCompat_Dialog
android.support.design.internal.NavigationMenuItemView: void setTextAppearance(int)
android.support.design.R$attr: int multiChoiceItemLayout
me.zhanghai.android.materialprogressbar.R$styleable: int AppCompatTextView_autoSizeTextType
me.zhanghai.android.materialprogressbar.R$style: int Base_Widget_AppCompat_Button_Borderless_Colored
flipboard.bottomsheet.commons.R$id: int line3
android.support.design.R$styleable: int AppCompatTheme_textColorSearchUrl
me.zhanghai.android.materialprogressbar.internal.ObjectAnimatorCompatBase: android.animation.ObjectAnimator ofFloat(java.lang.Object,android.util.Property,android.util.Property,android.graphics.Path)
android.support.design.R$id: int action_mode_close_button
android.support.v7.appcompat.R$id: int uniform
android.support.v7.appcompat.R$style: int TextAppearance_AppCompat_Caption
flipboard.bottomsheet.commons.R$color: int secondary_text_default_material_light
com.google.android.gms.internal.measurement.zzbt$zzh
android.support.v7.cardview.R$styleable: int CardView_contentPaddingTop
android.support.design.R$id: int topPanel
android.support.design.R$dimen: int abc_action_bar_icon_vertical_padding_material
io.github.inflationx.calligraphy3.R$id: int calligraphy_tag_id
com.afollestad.materialdialogs.R$attr: int actionOverflowMenuStyle
android.support.constraint.R$styleable: int ConstraintLayout_Layout_layout_constraintWidth_default
io.github.inflationx.viewpump.ReflectionUtils: void invokeMethod(java.lang.Object,java.lang.reflect.Method,java.lang.Object[])
android.support.v7.appcompat.R$drawable: int notify_panel_notification_icon_bg
com.google.android.gms.measurement.internal.zzr: android.os.Parcelable$Creator CREATOR
me.zhanghai.android.materialprogressbar.R$attr: int autoSizeTextType
android.support.v7.appcompat.R$attr: int buttonTintMode
com.afollestad.materialdialogs.R$style: int Base_Widget_AppCompat_Button_Borderless
android.support.v7.appcompat.R$style: int RtlOverlay_Widget_AppCompat_Search_DropDown_Icon2
com.google.android.gms.ads.mediation.MediationInterstitialAdapter: void showInterstitial()
flipboard.bottomsheet.commons.R$dimen: int abc_control_inset_material
android.support.v7.appcompat.R$styleable: int LinearLayoutCompat_dividerPadding
android.support.v7.appcompat.R$attr: int height
com.afollestad.materialdialogs.R$drawable: int abc_ic_star_half_black_48dp
flipboard.bottomsheet.commons.R$dimen: int abc_dialog_padding_top_material
com.afollestad.materialdialogs.R$drawable: int notification_action_background
com.google.android.gms.ads.doubleclick.PublisherAdView: com.google.android.gms.ads.AdListener getAdListener()
android.support.v7.appcompat.R$attr: int autoSizePresetSizes
android.support.design.R$styleable: int AppCompatTheme_listPreferredItemPaddingRight
com.onesignal.JobIntentService$GenericWorkItem: void complete()
android.support.design.R$dimen: int design_bottom_navigation_item_max_width
me.zhanghai.android.materialprogressbar.R$attr: R$attr()