app/build/outputs/mapping/debug/mapping.txt
# compiler: R8
# compiler_version: 2.0.88
# min_api: 16
# pg_map_id: ed7a71a
# common_typos_disable
com.dar24.app.BuildConfig -> c.c.a.a:
    boolean DEBUG -> a
    7:7:void <clinit>() -> <clinit>
com.dar24.app.DarApplication -> com.dar24.app.DarApplication:
    android.content.Context context -> c
    com.dar24.app.utility.SharedPref pref -> b
    33:33:void <init>() -> <init>
    82:82:android.content.Context getAppContext() -> a
    87:89:void attachBaseContext(android.content.Context) -> attachBaseContext
    93:96:void onConfigurationChanged(android.content.res.Configuration) -> onConfigurationChanged
    40:79:void onCreate() -> onCreate
com.dar24.app.activity.AboutActivity -> com.dar24.app.activity.AboutActivity:
    com.dar24.app.adapter.AboutAdapter aboutAdapter -> q
    android.support.v7.widget.RecyclerView$LayoutManager layoutManager -> r
    23:23:void <init>() -> <init>
    61:63:void onBackPressed() -> onBackPressed
    35:57:void onCreate(android.os.Bundle) -> onCreate
    67:72:boolean onOptionsItemSelected(android.view.MenuItem) -> onOptionsItemSelected
com.dar24.app.activity.AboutActivity_ViewBinding -> com.dar24.app.activity.AboutActivity_ViewBinding:
    com.dar24.app.activity.AboutActivity target -> b
    24:29:void <init>(com.dar24.app.activity.AboutActivity,android.view.View) -> <init>
com.dar24.app.activity.BaseAppCompatActivity -> c.c.a.b.a:
    16:16:void <init>() -> <init>
    20:22:void attachBaseContext(android.content.Context) -> attachBaseContext
com.dar24.app.activity.CommentActivity -> com.dar24.app.activity.CommentActivity:
    java.lang.String postUrl -> v
    android.webkit.WebView mWebviewPop -> u
    android.widget.ProgressBar progressBar -> t
    android.webkit.WebView mWebViewComments -> r
    boolean isLoading -> q
    android.widget.FrameLayout mContainer -> s
    45:45:void <clinit>() -> <clinit>
    40:40:void <init>() -> <init>
    40:40:void access$100(com.dar24.app.activity.CommentActivity,boolean) -> J
    40:40:android.webkit.WebView access$200(com.dar24.app.activity.CommentActivity) -> K
    40:40:android.webkit.WebView access$202(com.dar24.app.activity.CommentActivity,android.webkit.WebView) -> L
    40:40:android.widget.FrameLayout access$300(com.dar24.app.activity.CommentActivity) -> M
    40:40:void access$400(com.dar24.app.activity.CommentActivity) -> N
    86:116:void loadComments() -> O
    119:127:void setLoading(boolean) -> P
    155:157:void onBackPressed() -> onBackPressed
    55:83:void onCreate(android.os.Bundle) -> onCreate
    132:136:boolean onCreateOptionsMenu(android.view.Menu) -> onCreateOptionsMenu
    141:150:boolean onOptionsItemSelected(android.view.MenuItem) -> onOptionsItemSelected
com.dar24.app.activity.CommentActivity$1 -> com.dar24.app.activity.CommentActivity$a:
com.dar24.app.activity.CommentActivity$UriChromeClient -> com.dar24.app.activity.CommentActivity$b:
    com.dar24.app.activity.CommentActivity this$0 -> a
    200:200:void <init>(com.dar24.app.activity.CommentActivity) -> <init>
    233:233:void onCloseWindow(android.webkit.WebView) -> onCloseWindow
    228:228:boolean onConsoleMessage(android.webkit.ConsoleMessage) -> onConsoleMessage
    205:222:boolean onCreateWindow(android.webkit.WebView,boolean,boolean,android.os.Message) -> onCreateWindow
com.dar24.app.activity.CommentActivity$UriWebViewClient -> com.dar24.app.activity.CommentActivity$c:
    com.dar24.app.activity.CommentActivity this$0 -> a
    159:159:void <init>(com.dar24.app.activity.CommentActivity) -> <init>
    159:159:void <init>(com.dar24.app.activity.CommentActivity,com.dar24.app.activity.CommentActivity$1) -> <init>
    177:191:void onPageFinished(android.webkit.WebView,java.lang.String) -> onPageFinished
    171:173:void onPageStarted(android.webkit.WebView,java.lang.String,android.graphics.Bitmap) -> onPageStarted
    196:197:void onReceivedSslError(android.webkit.WebView,android.webkit.SslErrorHandler,android.net.http.SslError) -> onReceivedSslError
    163:165:boolean shouldOverrideUrlLoading(android.webkit.WebView,java.lang.String) -> shouldOverrideUrlLoading
...
com.google.firebase.remoteconfig.FirebaseRemoteConfigFetchThrottledException -> c.f.c.m.e:
    3:5:void <init>(java.lang.String,long) -> <init>
com.google.firebase.remoteconfig.FirebaseRemoteConfigSettings -> c.f.c.m.f:
    boolean zzjn -> a
    1:3:void <init>(com.google.firebase.remoteconfig.FirebaseRemoteConfigSettings$Builder) -> <init>
    5:5:void <init>(com.google.firebase.remoteconfig.FirebaseRemoteConfigSettings$Builder,com.google.firebase.remoteconfig.zzf) -> <init>
    4:4:boolean isDeveloperModeEnabled() -> a
com.google.firebase.remoteconfig.FirebaseRemoteConfigSettings$Builder -> c.f.c.m.f$a:
    boolean zzjn -> a
    1:2:void <init>() -> <init>
    5:5:com.google.firebase.remoteconfig.FirebaseRemoteConfigSettings build() -> a
    3:4:com.google.firebase.remoteconfig.FirebaseRemoteConfigSettings$Builder setDeveloperModeEnabled(boolean) -> b
    6:6:boolean zza(com.google.firebase.remoteconfig.FirebaseRemoteConfigSettings$Builder) -> c
com.google.firebase.remoteconfig.RemoteConfigComponent -> c.f.c.m.g:
    java.util.Map zzjr -> a
    com.google.firebase.abt.FirebaseABTesting zzjc -> e
    java.lang.String appId -> g
    java.lang.String zzh -> i
    android.content.Context zzja -> b
    java.util.concurrent.ExecutorService zzjo -> j
    com.google.firebase.iid.FirebaseInstanceId zzjs -> d
    com.google.firebase.FirebaseApp zzjb -> c
    com.google.android.gms.common.util.Clock zzjp -> k
    java.util.Random zzjq -> l
    com.google.firebase.analytics.connector.AnalyticsConnector zzjt -> f
    java.util.Map zzju -> h
    68:70:void <clinit>() -> <clinit>
    1:4:void <init>(android.content.Context,com.google.firebase.FirebaseApp,com.google.firebase.iid.FirebaseInstanceId,com.google.firebase.abt.FirebaseABTesting,com.google.firebase.analytics.connector.AnalyticsConnector) -> <init>
    5:17:void <init>(android.content.Context,java.util.concurrent.Executor,com.google.firebase.FirebaseApp,com.google.firebase.iid.FirebaseInstanceId,com.google.firebase.abt.FirebaseABTesting,com.google.firebase.analytics.connector.AnalyticsConnector,com.google.android.gms.internal.firebase_remote_config.zzfc) -> <init>
    17:36:com.google.firebase.remoteconfig.FirebaseRemoteConfig get(java.lang.String) -> a
    44:48:com.google.android.gms.internal.firebase_remote_config.zzeh zza(android.content.Context,java.lang.String,java.lang.String,java.lang.String) -> b
com.google.firebase.remoteconfig.RemoteConfigRegistrar -> com.google.firebase.remoteconfig.RemoteConfigRegistrar:
    1:1:void <init>() -> <init>
    2:12:java.util.List getComponents() -> getComponents
com.google.firebase.remoteconfig.zzd -> c.f.c.m.h:
    com.google.firebase.remoteconfig.FirebaseRemoteConfig zzjk -> a
    void onComplete(com.google.android.gms.tasks.Task) -> a
com.google.firebase.remoteconfig.zze -> c.f.c.m.i:
    com.google.android.gms.tasks.SuccessContinuation zzjl -> a
    1:2:com.google.android.gms.tasks.Task then(java.lang.Object) -> a
com.google.firebase.remoteconfig.zzf -> c.f.c.m.j:
com.google.firebase.remoteconfig.zzg -> c.f.c.m.k:
    com.google.firebase.remoteconfig.RemoteConfigComponent zzjv -> b
    1:3:java.lang.Object call() -> call
com.google.firebase.remoteconfig.zzh -> c.f.c.m.l:
    com.google.android.gms.internal.firebase_remote_config.zzfc zzjw -> b
    java.util.concurrent.Callable zza(com.google.android.gms.internal.firebase_remote_config.zzfc) -> a
com.google.firebase.remoteconfig.zzi -> c.f.c.m.m:
    com.google.firebase.remoteconfig.RemoteConfigComponent zzjv -> a
    void zza(com.google.android.gms.internal.firebase_remote_config.zzaa) -> a
com.google.firebase.remoteconfig.zzj -> c.f.c.m.n:
    com.google.firebase.components.ComponentFactory zzjx -> a
    1:8:java.lang.Object create(com.google.firebase.components.ComponentContainer) -> a