app/build/outputs/mapping/debug/usage.txt
com.dar24.app.model.mailchimp_status.Stats
com.dar24.app.activity.SubscribeActivity_ViewBinding:
    public void <init>(com.dar24.app.activity.SubscribeActivity)
    public void unbind()
com.dar24.app.activity.NewsDetailActivity_ViewBinding:
    public void <init>(com.dar24.app.activity.NewsDetailActivity)
    public void unbind()
com.dar24.app.model.news.Content:
    public void <init>()
    public void setRendered(java.lang.String)
    public void setJsonMemberProtected(boolean)
    public boolean isJsonMemberProtected()
    public java.lang.String toString()
    private java.lang.String rendered
    private boolean jsonMemberProtected
com.dar24.app.model.Menu:
    public void setTitle(java.lang.String)
    public java.lang.String getIconPath()
    public void setIconPath(java.lang.String)
com.dar24.app.utility.ForceUpdateChecker$Builder
com.dar24.app.model.news.BuzzmagMedium:
    public void <init>()
    public void setFile(java.lang.String)
    public java.lang.String getFile()
    public void setMimeType(java.lang.String)
    public java.lang.String getMimeType()
    public void setWidth(int)
    public int getWidth()
    public void setSourceUrl(java.lang.String)
    public void setHeight(int)
    public int getHeight()
    public java.lang.String toString()
    private java.lang.String file
    private java.lang.String mimeType
    private int width
    private java.lang.String sourceUrl
    private int height
com.dar24.app.model.playlist.PageInfo:
    public void <init>()
    public void setTotalResults(int)
    public int getTotalResults()
    public void setResultsPerPage(int)
    public int getResultsPerPage()
    public java.lang.String toString()
    private int totalResults
    private int resultsPerPage
com.dar24.app.activity.NewsRelatedDetailActivity_ViewBinding:
    public void <init>(com.dar24.app.activity.NewsRelatedDetailActivity)
    public void unbind()
com.dar24.app.model.news.AuthorItem
com.dar24.app.model.author.CollectionItem
com.dar24.app.model.news.WpTermItem
com.dar24.app.model.playlist.VideoPlaylistResponse:
    public void setKind(java.lang.String)
    public java.lang.String getKind()
    public void setNextPageToken(java.lang.String)
    public java.lang.String getNextPageToken()
    public void setPageInfo(com.dar24.app.model.playlist.PageInfo)
    public com.dar24.app.model.playlist.PageInfo getPageInfo()
    public void setEtag(java.lang.String)
    public java.lang.String getEtag()
    public void setItems(java.util.List)
com.dar24.app.model.news.NewsResponse:
    public void setDate(java.lang.String)
    public void setTemplate(java.lang.String)
    public java.lang.String getTemplate()
    public void setLinks(com.dar24.app.model.news.Links)
    public com.dar24.app.model.news.Links getLinks()
    public void setLink(java.lang.String)
    public void setJetpackRelatedPosts(java.util.List)
    public void setType(java.lang.String)
    public java.lang.String getType()
    public void setTitle(com.dar24.app.model.news.Title)
    public void setContent(com.dar24.app.model.news.Content)
    public void setFeaturedMedia(int)
    public int getFeaturedMedia()
    public void setModified(java.lang.String)
    public java.lang.String getModified()
    public void setId(int)
    public int getId()
    public void setCategories(java.util.List)
    public void setDateGmt(java.lang.String)
    public java.lang.String getDateGmt()
    public void setSlug(java.lang.String)
    public java.lang.String getSlug()
    public void setModifiedGmt(java.lang.String)
    public java.lang.String getModifiedGmt()
    public void setAuthor(int)
    public void setFormat(java.lang.String)
    public java.lang.String getFormat()
    public void setCommentStatus(java.lang.String)
    public java.lang.String getCommentStatus()
    public void setTags(java.util.List)
    public java.util.List getTags()
    public void setPingStatus(java.lang.String)
    public java.lang.String getPingStatus()
com.dar24.app.R$attr
...
com.google.firebase.iid.MessagingChannel:
    public abstract boolean isChannelBuilt()
    public abstract com.google.android.gms.tasks.Task buildChannel(java.lang.String,java.lang.String)
    public abstract com.google.android.gms.tasks.Task deleteToken(java.lang.String,java.lang.String,java.lang.String,java.lang.String)
    public abstract com.google.android.gms.tasks.Task deleteInstanceId(java.lang.String)
    public abstract com.google.android.gms.tasks.Task ackMessage(java.lang.String)
com.google.android.gms.ads.formats.NativeAdOptions$AdChoicesPlacement
android.support.v4.widget.SlidingPaneLayout$DragHelperCallback
android.support.v4.widget.TextViewCompat$TextViewCompatApi26Impl:
    public void setCustomSelectionActionModeCallback(android.widget.TextView,android.view.ActionMode$Callback)
flipboard.bottomsheet.R
com.google.android.gms.internal.ads.zzdry$zzb$zzc
android.support.v13.view.inputmethod.InputContentInfoCompat$InputContentInfoCompatImpl
android.support.v4.view.ViewCompat$ViewCompatApi24Impl:
    public void dispatchStartTemporaryDetach(android.view.View)
    public void dispatchFinishTemporaryDetach(android.view.View)
    public boolean startDragAndDrop(android.view.View,android.content.ClipData,android.view.View$DragShadowBuilder,java.lang.Object,int)
    public void cancelDragAndDrop(android.view.View)
    public void updateDragShadow(android.view.View,android.view.View$DragShadowBuilder)
com.google.android.gms.internal.ads.zzdry$zza$zzb$zza
android.support.annotation.GuardedBy
android.support.v4.print.PrintHelper$ScaleMode
android.support.coreui.R$styleable:
    private void <init>()
android.support.v4.content.pm.ShortcutInfoCompat
android.support.graphics.drawable.AnimatedVectorDrawableCompat$2
com.google.android.gms.common.Scopes
com.google.android.gms.internal.location.zzap:
    public final void zza(com.google.android.gms.location.GeofencingRequest,android.app.PendingIntent,com.google.android.gms.internal.location.zzam)
    public final void zza(com.google.android.gms.location.zzal,com.google.android.gms.internal.location.zzam)
    public final void zza(long,boolean,android.app.PendingIntent)
    public final void zza(com.google.android.gms.location.ActivityTransitionRequest,android.app.PendingIntent,com.google.android.gms.common.api.internal.IStatusCallback)
    public final void zza(android.app.PendingIntent,com.google.android.gms.common.api.internal.IStatusCallback)
    public final void zzb(android.app.PendingIntent)
    public final void zza(android.location.Location)
    public final void zza(com.google.android.gms.internal.location.zzaj)
    public final com.google.android.gms.location.LocationAvailability zzb(java.lang.String)
    public final void zza(com.google.android.gms.location.LocationSettingsRequest,com.google.android.gms.internal.location.zzaq,java.lang.String)
com.google.android.gms.common.internal.zah
com.google.android.gms.common.api.internal.zaaf:
    public void <init>(com.google.android.gms.common.api.internal.zai)
android.support.v4.media.session.MediaControllerCompat$MediaControllerImplApi21$ExtraBinderRequestResultReceiver:
    public void <init>(android.support.v4.media.session.MediaControllerCompat$MediaControllerImplApi21,android.os.Handler)